This is pdfTeX, Version 3.1415926-1.40.10 (TeX Live 2009/Debian) (format=pdflatex 2013.6.3)  20 JUN 2013 14:38
entering extended mode
 %&-line parsing enabled.
**Memoria.tex
(./Memoria.tex
LaTeX2e <2009/09/24>
Babel <v3.8l> and hyphenation patterns for english, usenglishmax, dumylang, noh
yphenation, spanish, galician, catalan, loaded.
(/usr/share/texmf-texlive/tex/latex/base/book.cls
Document Class: book 2007/10/19 v1.4h Standard LaTeX document class
(/usr/share/texmf-texlive/tex/latex/base/bk12.clo
File: bk12.clo 2007/10/19 v1.4h Standard LaTeX file (size option)
)
\c@part=\count79
\c@chapter=\count80
\c@section=\count81
\c@subsection=\count82
\c@subsubsection=\count83
\c@paragraph=\count84
\c@subparagraph=\count85
\c@figure=\count86
\c@table=\count87
\abovecaptionskip=\skip41
\belowcaptionskip=\skip42
\bibindent=\dimen102
)
(/usr/share/texmf-texlive/tex/latex/base/inputenc.sty
Package: inputenc 2008/03/30 v1.1d Input encoding file
\inpenc@prehook=\toks14
\inpenc@posthook=\toks15

(/usr/share/texmf-texlive/tex/latex/base/utf8.def
File: utf8.def 2008/04/05 v1.1m UTF-8 support for inputenc
Now handling font encoding OML ...
... no UTF-8 mapping file for font encoding OML
Now handling font encoding T1 ...
... processing UTF-8 mapping file for font encoding T1

(/usr/share/texmf-texlive/tex/latex/base/t1enc.dfu
File: t1enc.dfu 2008/04/05 v1.1m UTF-8 support for inputenc
   defining Unicode char U+00A1 (decimal 161)
   defining Unicode char U+00A3 (decimal 163)
   defining Unicode char U+00AB (decimal 171)
   defining Unicode char U+00BB (decimal 187)
   defining Unicode char U+00BF (decimal 191)
   defining Unicode char U+00C0 (decimal 192)
   defining Unicode char U+00C1 (decimal 193)
   defining Unicode char U+00C2 (decimal 194)
   defining Unicode char U+00C3 (decimal 195)
   defining Unicode char U+00C4 (decimal 196)
   defining Unicode char U+00C5 (decimal 197)
   defining Unicode char U+00C6 (decimal 198)
   defining Unicode char U+00C7 (decimal 199)
   defining Unicode char U+00C8 (decimal 200)
   defining Unicode char U+00C9 (decimal 201)
   defining Unicode char U+00CA (decimal 202)
   defining Unicode char U+00CB (decimal 203)
   defining Unicode char U+00CC (decimal 204)
   defining Unicode char U+00CD (decimal 205)
   defining Unicode char U+00CE (decimal 206)
   defining Unicode char U+00CF (decimal 207)
   defining Unicode char U+00D0 (decimal 208)
   defining Unicode char U+00D1 (decimal 209)
   defining Unicode char U+00D2 (decimal 210)
   defining Unicode char U+00D3 (decimal 211)
   defining Unicode char U+00D4 (decimal 212)
   defining Unicode char U+00D5 (decimal 213)
   defining Unicode char U+00D6 (decimal 214)
   defining Unicode char U+00D8 (decimal 216)
   defining Unicode char U+00D9 (decimal 217)
   defining Unicode char U+00DA (decimal 218)
   defining Unicode char U+00DB (decimal 219)
   defining Unicode char U+00DC (decimal 220)
   defining Unicode char U+00DD (decimal 221)
   defining Unicode char U+00DE (decimal 222)
   defining Unicode char U+00DF (decimal 223)
   defining Unicode char U+00E0 (decimal 224)
   defining Unicode char U+00E1 (decimal 225)
   defining Unicode char U+00E2 (decimal 226)
   defining Unicode char U+00E3 (decimal 227)
   defining Unicode char U+00E4 (decimal 228)
   defining Unicode char U+00E5 (decimal 229)
   defining Unicode char U+00E6 (decimal 230)
   defining Unicode char U+00E7 (decimal 231)
   defining Unicode char U+00E8 (decimal 232)
   defining Unicode char U+00E9 (decimal 233)
   defining Unicode char U+00EA (decimal 234)
   defining Unicode char U+00EB (decimal 235)
   defining Unicode char U+00EC (decimal 236)
   defining Unicode char U+00ED (decimal 237)
   defining Unicode char U+00EE (decimal 238)
   defining Unicode char U+00EF (decimal 239)
   defining Unicode char U+00F0 (decimal 240)
   defining Unicode char U+00F1 (decimal 241)
   defining Unicode char U+00F2 (decimal 242)
   defining Unicode char U+00F3 (decimal 243)
   defining Unicode char U+00F4 (decimal 244)
   defining Unicode char U+00F5 (decimal 245)
   defining Unicode char U+00F6 (decimal 246)
   defining Unicode char U+00F8 (decimal 248)
   defining Unicode char U+00F9 (decimal 249)
   defining Unicode char U+00FA (decimal 250)
   defining Unicode char U+00FB (decimal 251)
   defining Unicode char U+00FC (decimal 252)
   defining Unicode char U+00FD (decimal 253)
   defining Unicode char U+00FE (decimal 254)
   defining Unicode char U+00FF (decimal 255)
   defining Unicode char U+0102 (decimal 258)
   defining Unicode char U+0103 (decimal 259)
   defining Unicode char U+0104 (decimal 260)
   defining Unicode char U+0105 (decimal 261)
   defining Unicode char U+0106 (decimal 262)
   defining Unicode char U+0107 (decimal 263)
   defining Unicode char U+010C (decimal 268)
   defining Unicode char U+010D (decimal 269)
   defining Unicode char U+010E (decimal 270)
   defining Unicode char U+010F (decimal 271)
   defining Unicode char U+0110 (decimal 272)
   defining Unicode char U+0111 (decimal 273)
   defining Unicode char U+0118 (decimal 280)
   defining Unicode char U+0119 (decimal 281)
   defining Unicode char U+011A (decimal 282)
   defining Unicode char U+011B (decimal 283)
   defining Unicode char U+011E (decimal 286)
   defining Unicode char U+011F (decimal 287)
   defining Unicode char U+0130 (decimal 304)
   defining Unicode char U+0131 (decimal 305)
   defining Unicode char U+0132 (decimal 306)
   defining Unicode char U+0133 (decimal 307)
   defining Unicode char U+0139 (decimal 313)
   defining Unicode char U+013A (decimal 314)
   defining Unicode char U+013D (decimal 317)
   defining Unicode char U+013E (decimal 318)
   defining Unicode char U+0141 (decimal 321)
   defining Unicode char U+0142 (decimal 322)
   defining Unicode char U+0143 (decimal 323)
   defining Unicode char U+0144 (decimal 324)
   defining Unicode char U+0147 (decimal 327)
   defining Unicode char U+0148 (decimal 328)
   defining Unicode char U+014A (decimal 330)
   defining Unicode char U+014B (decimal 331)
   defining Unicode char U+0150 (decimal 336)
   defining Unicode char U+0151 (decimal 337)
   defining Unicode char U+0152 (decimal 338)
   defining Unicode char U+0153 (decimal 339)
   defining Unicode char U+0154 (decimal 340)
   defining Unicode char U+0155 (decimal 341)
   defining Unicode char U+0158 (decimal 344)
   defining Unicode char U+0159 (decimal 345)
   defining Unicode char U+015A (decimal 346)
   defining Unicode char U+015B (decimal 347)
   defining Unicode char U+015E (decimal 350)
   defining Unicode char U+015F (decimal 351)
   defining Unicode char U+0160 (decimal 352)
   defining Unicode char U+0161 (decimal 353)
   defining Unicode char U+0162 (decimal 354)
   defining Unicode char U+0163 (decimal 355)
   defining Unicode char U+0164 (decimal 356)
   defining Unicode char U+0165 (decimal 357)
   defining Unicode char U+016E (decimal 366)
   defining Unicode char U+016F (decimal 367)
   defining Unicode char U+0170 (decimal 368)
   defining Unicode char U+0171 (decimal 369)
   defining Unicode char U+0178 (decimal 376)
   defining Unicode char U+0179 (decimal 377)
   defining Unicode char U+017A (decimal 378)
   defining Unicode char U+017B (decimal 379)
   defining Unicode char U+017C (decimal 380)
   defining Unicode char U+017D (decimal 381)
   defining Unicode char U+017E (decimal 382)
   defining Unicode char U+200C (decimal 8204)
   defining Unicode char U+2013 (decimal 8211)
   defining Unicode char U+2014 (decimal 8212)
   defining Unicode char U+2018 (decimal 8216)
   defining Unicode char U+2019 (decimal 8217)
   defining Unicode char U+201A (decimal 8218)
   defining Unicode char U+201C (decimal 8220)
   defining Unicode char U+201D (decimal 8221)
   defining Unicode char U+201E (decimal 8222)
   defining Unicode char U+2030 (decimal 8240)
   defining Unicode char U+2031 (decimal 8241)
   defining Unicode char U+2039 (decimal 8249)
   defining Unicode char U+203A (decimal 8250)
   defining Unicode char U+2423 (decimal 9251)
)
Now handling font encoding OT1 ...
... processing UTF-8 mapping file for font encoding OT1

(/usr/share/texmf-texlive/tex/latex/base/ot1enc.dfu
File: ot1enc.dfu 2008/04/05 v1.1m UTF-8 support for inputenc
   defining Unicode char U+00A1 (decimal 161)
   defining Unicode char U+00A3 (decimal 163)
   defining Unicode char U+00B8 (decimal 184)
   defining Unicode char U+00BF (decimal 191)
   defining Unicode char U+00C5 (decimal 197)
   defining Unicode char U+00C6 (decimal 198)
   defining Unicode char U+00D8 (decimal 216)
   defining Unicode char U+00DF (decimal 223)
   defining Unicode char U+00E6 (decimal 230)
   defining Unicode char U+00EC (decimal 236)
   defining Unicode char U+00ED (decimal 237)
   defining Unicode char U+00EE (decimal 238)
   defining Unicode char U+00EF (decimal 239)
   defining Unicode char U+00F8 (decimal 248)
   defining Unicode char U+0131 (decimal 305)
   defining Unicode char U+0141 (decimal 321)
   defining Unicode char U+0142 (decimal 322)
   defining Unicode char U+0152 (decimal 338)
   defining Unicode char U+0153 (decimal 339)
   defining Unicode char U+2013 (decimal 8211)
   defining Unicode char U+2014 (decimal 8212)
   defining Unicode char U+2018 (decimal 8216)
   defining Unicode char U+2019 (decimal 8217)
   defining Unicode char U+201C (decimal 8220)
   defining Unicode char U+201D (decimal 8221)
)
Now handling font encoding OMS ...
... processing UTF-8 mapping file for font encoding OMS

(/usr/share/texmf-texlive/tex/latex/base/omsenc.dfu
File: omsenc.dfu 2008/04/05 v1.1m UTF-8 support for inputenc
   defining Unicode char U+00A7 (decimal 167)
   defining Unicode char U+00B6 (decimal 182)
   defining Unicode char U+00B7 (decimal 183)
   defining Unicode char U+2020 (decimal 8224)
   defining Unicode char U+2021 (decimal 8225)
   defining Unicode char U+2022 (decimal 8226)
)
Now handling font encoding OMX ...
... no UTF-8 mapping file for font encoding OMX
Now handling font encoding U ...
... no UTF-8 mapping file for font encoding U
   defining Unicode char U+00A9 (decimal 169)
   defining Unicode char U+00AA (decimal 170)
   defining Unicode char U+00AE (decimal 174)
   defining Unicode char U+00BA (decimal 186)
   defining Unicode char U+02C6 (decimal 710)
   defining Unicode char U+02DC (decimal 732)
   defining Unicode char U+200C (decimal 8204)
   defining Unicode char U+2026 (decimal 8230)
   defining Unicode char U+2122 (decimal 8482)
   defining Unicode char U+2423 (decimal 9251)
))
(/usr/share/texmf-texlive/tex/generic/babel/babel.sty
Package: babel 2008/07/06 v3.8l The Babel package

(/usr/share/texmf-texlive/tex/generic/babel/spanish.ldf
Language: spanish.ldf 2009/01/02 v5.0h Spanish support from the babel system

(/usr/share/texmf-texlive/tex/generic/babel/babel.def
File: babel.def 2008/07/06 v3.8l Babel common definitions
\babel@savecnt=\count88
\U@D=\dimen103
)
\es@datefmt=\count89
\es@quottoks=\toks16
\es@quotdepth=\count90
Package babel Info: Making " an active character on input line 492.
Package babel Info: Making . an active character on input line 585.
Package babel Info: Making < an active character on input line 630.
Package babel Info: Making > an active character on input line 630.
))
(/usr/share/texmf-texlive/tex/latex/graphics/graphicx.sty
Package: graphicx 1999/02/16 v1.0f Enhanced LaTeX Graphics (DPC,SPQR)

(/usr/share/texmf-texlive/tex/latex/graphics/keyval.sty
Package: keyval 1999/03/16 v1.13 key=value parser (DPC)
\KV@toks@=\toks17
)
(/usr/share/texmf-texlive/tex/latex/graphics/graphics.sty
Package: graphics 2009/02/05 v1.0o Standard LaTeX Graphics (DPC,SPQR)

(/usr/share/texmf-texlive/tex/latex/graphics/trig.sty
Package: trig 1999/03/16 v1.09 sin cos tan (DPC)
)
(/etc/texmf/tex/latex/config/graphics.cfg
File: graphics.cfg 2009/08/28 v1.8 graphics configuration of TeX Live
)
Package graphics Info: Driver file: pdftex.def on input line 91.

(/usr/share/texmf-texlive/tex/latex/pdftex-def/pdftex.def
File: pdftex.def 2010/03/12 v0.04p Graphics/color for pdfTeX
\Gread@gobject=\count91
))
\Gin@req@height=\dimen104
\Gin@req@width=\dimen105
)
(/usr/share/texmf-texlive/tex/latex/listings/listings.sty
\lst@mode=\count92
\lst@gtempboxa=\box26
\lst@token=\toks18
\lst@length=\count93
\lst@currlwidth=\dimen106
\lst@column=\count94
\lst@pos=\count95
\lst@lostspace=\dimen107
\lst@width=\dimen108
\lst@newlines=\count96
\lst@lineno=\count97
\lst@maxwidth=\dimen109

(/usr/share/texmf-texlive/tex/latex/listings/lstmisc.sty
File: lstmisc.sty 2007/02/22 1.4 (Carsten Heinz)
\c@lstnumber=\count98
\lst@skipnumbers=\count99
\lst@framebox=\box27
)
(/usr/share/texmf-texlive/tex/latex/listings/listings.cfg
File: listings.cfg 2007/02/22 1.4 listings configuration
))
Package: listings 2007/02/22 1.4 (Carsten Heinz)

(/usr/share/texmf-texlive/tex/latex/graphics/color.sty
Package: color 2005/11/14 v1.0j Standard LaTeX Color (DPC)

(/etc/texmf/tex/latex/config/color.cfg
File: color.cfg 2007/01/18 v1.5 color configuration of teTeX/TeXLive
)
Package color Info: Driver file: pdftex.def on input line 130.
)
(/usr/share/texmf-texlive/tex/latex/amsmath/amsmath.sty
Package: amsmath 2000/07/18 v2.13 AMS math features
\@mathmargin=\skip43

For additional information on amsmath, use the `?' option.
(/usr/share/texmf-texlive/tex/latex/amsmath/amstext.sty
Package: amstext 2000/06/29 v2.01

(/usr/share/texmf-texlive/tex/latex/amsmath/amsgen.sty
File: amsgen.sty 1999/11/30 v2.0
\@emptytoks=\toks19
\ex@=\dimen110
))
(/usr/share/texmf-texlive/tex/latex/amsmath/amsbsy.sty
Package: amsbsy 1999/11/29 v1.2d
\pmbraise@=\dimen111
)
(/usr/share/texmf-texlive/tex/latex/amsmath/amsopn.sty
Package: amsopn 1999/12/14 v2.01 operator names
)
\inf@bad=\count100
LaTeX Info: Redefining \frac on input line 211.
\uproot@=\count101
\leftroot@=\count102
LaTeX Info: Redefining \overline on input line 307.
\classnum@=\count103
\DOTSCASE@=\count104
LaTeX Info: Redefining \ldots on input line 379.
LaTeX Info: Redefining \dots on input line 382.
LaTeX Info: Redefining \cdots on input line 467.
\Mathstrutbox@=\box28
\strutbox@=\box29
\big@size=\dimen112
LaTeX Font Info:    Redeclaring font encoding OML on input line 567.
LaTeX Font Info:    Redeclaring font encoding OMS on input line 568.
\macc@depth=\count105
\c@MaxMatrixCols=\count106
\dotsspace@=\muskip10
\c@parentequation=\count107
\dspbrk@lvl=\count108
\tag@help=\toks20
\row@=\count109
\column@=\count110
\maxfields@=\count111
\andhelp@=\toks21
\eqnshift@=\dimen113
\alignsep@=\dimen114
\tagshift@=\dimen115
\tagwidth@=\dimen116
\totwidth@=\dimen117
\lineht@=\dimen118
\@envbody=\toks22
\multlinegap=\skip44
\multlinetaggap=\skip45
\mathdisplay@stack=\toks23
LaTeX Info: Redefining \[ on input line 2666.
LaTeX Info: Redefining \] on input line 2667.
)
(/usr/share/texmf-texlive/tex/latex/natbib/natbib.sty
Package: natbib 2009/07/16 8.31 (PWD, AO)
\bibhang=\skip46
\bibsep=\skip47
LaTeX Info: Redefining \cite on input line 694.
\c@NAT@ctr=\count112
)
(/usr/share/texmf-texlive/tex/latex/appendix/appendix.sty
Package: appendix 2009/09/02 v1.2b extra appendix facilities
\c@@pps=\count113
\c@@ppsavesec=\count114
\c@@ppsaveapp=\count115
)
(/usr/share/texmf-texlive/tex/latex/listings/lstlang1.sty
File: lstlang1.sty 2004/09/05 1.3 listings language file
)
(/usr/share/texmf-texlive/tex/latex/listings/lstlang2.sty
File: lstlang2.sty 2004/09/05 1.3 listings language file
)
(/usr/share/texmf-texlive/tex/latex/listings/lstlang3.sty
File: lstlang3.sty 2004/09/05 1.3 listings language file
) (./Memoria.aux)
\openout1 = `Memoria.aux'.

LaTeX Font Info:    Checking defaults for OML/cmm/m/it on input line 44.
LaTeX Font Info:    ... okay on input line 44.
LaTeX Font Info:    Checking defaults for T1/cmr/m/n on input line 44.
LaTeX Font Info:    ... okay on input line 44.
LaTeX Font Info:    Checking defaults for OT1/cmr/m/n on input line 44.
LaTeX Font Info:    ... okay on input line 44.
LaTeX Font Info:    Checking defaults for OMS/cmsy/m/n on input line 44.
LaTeX Font Info:    ... okay on input line 44.
LaTeX Font Info:    Checking defaults for OMX/cmex/m/n on input line 44.
LaTeX Font Info:    ... okay on input line 44.
LaTeX Font Info:    Checking defaults for U/cmr/m/n on input line 44.
LaTeX Font Info:    ... okay on input line 44.

(/usr/share/texmf-texlive/tex/context/base/supp-pdf.mkii
[Loading MPS to PDF converter (version 2006.09.02).]
\scratchcounter=\count116
\scratchdimen=\dimen119
\scratchbox=\box30
\nofMPsegments=\count117
\nofMParguments=\count118
\everyMPshowfont=\toks24
\MPscratchCnt=\count119
\MPscratchDim=\dimen120
\MPnumerator=\count120
\everyMPtoPDFconversion=\toks25
)
\c@lstlisting=\count121
 <./figuras/Logo_ULL.png, id=1, 1462.46375pt x 1505.625pt>
File: ./figuras/Logo_ULL.png Graphic file (type png)

<use ./figuras/Logo_ULL.png> [1



{/var/lib/texmf/fonts/map/pdftex/updmap/pdftex.map} <./figuras/Logo_ULL.png>] [
2

] [1] [2] (./Memoria.toc [3

])
\tf@toc=\write3
\openout3 = `Memoria.toc'.

 [4]
Cap\'{\i }tulo 1.
[1


] [2

]
Cap\'{\i }tulo 2.

Underfull \vbox (badness 1286) has occurred while \output is active []

 [3]
[4]
LaTeX Font Info:    Try loading font information for OMS+cmr on input line 152.

 (/usr/share/texmf-texlive/tex/latex/base/omscmr.fd
File: omscmr.fd 1999/05/25 v2.5h Standard LaTeX font definitions
)
LaTeX Font Info:    Font shape `OMS/cmr/m/n' in size <12> not available
(Font)              Font shape `OMS/cmsy/m/n' tried instead on input line 152.
 [5] [6] [7] [8

]
Cap\'{\i }tulo 3.
[9] [10] [11] [12

]
Cap\'{\i }tulo 4.
[13] [14] [15] [16] [17] [18] [19] [20

]
Cap\'{\i }tulo 5.

<./figuras/SistemaPrincipal/sistemaprincipalpagina1.png, id=94, 625.33624pt x 6
57.45625pt>
File: ./figuras/SistemaPrincipal/sistemaprincipalpagina1.png Graphic file (type
 png)
 <use ./figuras/SistemaPrincipal/sistemaprincipalpagina1.png>
<./figuras/SistemaPrincipal/sistemaprincipalpagina2.png, id=95, 625.33624pt x 7
86.94pt>
File: ./figuras/SistemaPrincipal/sistemaprincipalpagina2.png Graphic file (type
 png)
 <use ./figuras/SistemaPrincipal/sistemaprincipalpagina2.png>
<./figuras/SistemaPrincipal/sistemaprincipalpagina3.png, id=96, 625.33624pt x 3
06.14375pt>
File: ./figuras/SistemaPrincipal/sistemaprincipalpagina3.png Graphic file (type
 png)
 <use ./figuras/SistemaPrincipal/sistemaprincipalpagina3.png>
[21] [22 <./figuras/SistemaPrincipal/sistemaprincipalpagina1.png>] [23 <./figur
as/SistemaPrincipal/sistemaprincipalpagina2.png>] [24 <./figuras/SistemaPrincip
al/sistemaprincipalpagina3.png>]
<./figuras/SistemadeVideo/sistemadevideopagina1.png, id=112, 533.995pt x 913.41
25pt>
File: ./figuras/SistemadeVideo/sistemadevideopagina1.png Graphic file (type png
)
 <use ./figuras/SistemadeVideo/sistemadevideopagina1.png> [25] [26 <./figuras/S
istemadeVideo/sistemadevideopagina1.png>] [27] [28]
Cap\'{\i }tulo 6.
[29

] (./SISSources/V/FrameWriter.v) (./SISSources/V/FrameWriter.v
LaTeX Font Info:    Font shape `OMS/cmr/m/n' in size <10> not available
(Font)              Font shape `OMS/cmsy/m/n' tried instead on input line 71.
LaTeX Font Info:    Try loading font information for OML+cmr on input line 74.

(/usr/share/texmf-texlive/tex/latex/base/omlcmr.fd
File: omlcmr.fd 1999/05/25 v2.5h Standard LaTeX font definitions
)
LaTeX Font Info:    Font shape `OML/cmr/m/n' in size <10> not available
(Font)              Font shape `OML/cmm/m/it' tried instead on input line 74.
) [30]
(./SISSources/V/AGrises.v) [31] (./SISSources/V/AGrises.v)
(./SISSources/V/AGrises.v)
Underfull \vbox (badness 10000) has occurred while \output is active []

 [32]
[33] (./SISSources/V/Sobel.v) [34] (./SISSources/V/Sobel.v)
(./SISSources/V/Sobel.v) (./SISSources/V/Sobel.v [35]) (./SISSources/V/Sobel.v)
(./SISSources/V/Sobel.v) (./SISSources/V/Sobel.v) (./SISSources/V/Sobel.v)
[36] [37] [38

]
Cap\'{\i }tulo 7.

Underfull \vbox (badness 7540) has occurred while \output is active []

 [39]
(/usr/share/texmf-texlive/tex/latex/listings/lstlang1.sty
File: lstlang1.sty 2004/09/05 1.3 listings language file
)
(/usr/share/texmf-texlive/tex/latex/listings/lstmisc.sty
File: lstmisc.sty 2007/02/22 1.4 (Carsten Heinz)
)
(./SISSources/C/alt_tpo_lcd.h) [40] (./SISSources/C/tvdecoder_ctrl.h)
(./SISSources/C/i2c.h) [41] (./SISSources/C/vip_wrapper_for_c_func.h) [42

]
(./SISSources/C/keyhandler.h) (./SISSources/C/sfs.h) [43] [44]
Cap\'{\i }tulo 8.
[45

] <./figuras/NEEK/Trasera.png, id=187, 875.27pt x 697.60625pt>
File: ./figuras/NEEK/Trasera.png Graphic file (type png)

<use ./figuras/NEEK/Trasera.png>
<./figuras/NEEK/Delantera.png, id=188, 818.05624pt x 640.3925pt>
File: ./figuras/NEEK/Delantera.png Graphic file (type png)

<use ./figuras/NEEK/Delantera.png>
<./figuras/NEEK/BotonesSetup.png, id=189, 1837.86626pt x 506.89375pt>
File: ./figuras/NEEK/BotonesSetup.png Graphic file (type png)

<use ./figuras/NEEK/BotonesSetup.png> [46

] [47 <./figuras/NEEK/Trasera.png (PNG copy)>] [48 <./figuras/NEEK/Delantera.pn
g> <./figuras/NEEK/BotonesSetup.png>]
<./figuras/NEEK/BotonPowerUSB.png, id=200, 454.69875pt x 1330.9725pt>
File: ./figuras/NEEK/BotonPowerUSB.png Graphic file (type png)

<use ./figuras/NEEK/BotonPowerUSB.png>
<./figuras/NEEK/VIN.png, id=201, 301.125pt x 525.965pt>
File: ./figuras/NEEK/VIN.png Graphic file (type png)

<use ./figuras/NEEK/VIN.png> [49

] [50 <./figuras/NEEK/BotonPowerUSB.png> <./figuras/NEEK/VIN.png>] [51

] [52] [53


] [54]
Ap\'{e}ndice A.
(./SISSources/V/RawaPro.v [55

]
Overfull \hbox (8.00388pt too wide) in paragraph at lines 48--49
[][][][][] 
 []

[56] [57] [58] [59]
Overfull \hbox (100.00461pt too wide) in paragraph at lines 248--250
[][][][] 
 []


Overfull \hbox (100.00461pt too wide) in paragraph at lines 254--256
[][][][] 
 []

[60]
Overfull \hbox (100.00461pt too wide) in paragraph at lines 265--267
[][][][] 
 []


Overfull \hbox (100.00461pt too wide) in paragraph at lines 277--279
[][][][] 
 []

[61]
Overfull \hbox (100.00461pt too wide) in paragraph at lines 294--296
[][][][] 
 []


Overfull \hbox (100.00461pt too wide) in paragraph at lines 299--301
[][][][] 
 []

[62]) [63] (./SISSources/V/SIS.v [64

] [65] [66] [67] [68]) [69]
(./SISSources/V/ram_w.v [70

] [71] [72]) [73] (./SISSources/V/ram_r.v [74

]
[75] [76]) [77] (./SISSources/V/FrameWriter.v [78

]) [79]
(./SISSources/V/AGrises.v [80

] [81]) [82] (./SISSources/V/Sobel.v [83

] [84]
[85] [86] [87]) [88] (./SISSources/V/Sobel_cache.v [89

] [90] [91] [92])
[93] [94


]
Ap\'{e}ndice B.
(./SISSources/C/main.c [95]
Overfull \hbox (22.00381pt too wide) in paragraph at lines 41--42
[][][][] 
 []


Overfull \hbox (22.00381pt too wide) in paragraph at lines 43--45
[][][][] 
 []

[96] [97]) [98] (./SISSources/C/keyhandler.h) [99

] (./SISSources/C/keyhandler.c) [100

] (./SISSources/C/sfs.h) [101

] (./SISSources/C/sfs.c [102

]) [103]
(./SISSources/C/system_alias.h) [104

] (./SISSources/C/alt_tpo_lcd.h
Overfull \hbox (112.00473pt too wide) in paragraph at lines 1--2
[][][][] 
 []


Overfull \hbox (106.00467pt too wide) in paragraph at lines 2--3
[][][] 
 []


Overfull \hbox (106.00467pt too wide) in paragraph at lines 4--5
[][][] 
 []


Overfull \hbox (106.00467pt too wide) in paragraph at lines 7--8
[][][] 
 []


Overfull \hbox (106.00467pt too wide) in paragraph at lines 14--15
[][][] 
 []


Overfull \hbox (106.00467pt too wide) in paragraph at lines 17--18
[][][] 
 []

[105

]
Overfull \hbox (106.00467pt too wide) in paragraph at lines 25--26
[][][] 
 []


Overfull \hbox (106.00467pt too wide) in paragraph at lines 28--29
[][][] 
 []


Overfull \hbox (92.00473pt too wide) in paragraph at lines 29--30
[][][][][] 
 []

[106]) [107] (./SISSources/C/tvdecoder_ctrl.h
Overfull \hbox (106.00467pt too wide) in paragraph at lines 1--2
[][][][] 
 []


Overfull \hbox (86.00467pt too wide) in paragraph at lines 8--10
[][][][][][] 
 []

) [108

] (./SISSources/C/i2c.h
Overfull \hbox (106.00467pt too wide) in paragraph at lines 1--2
[][][][] 
 []


Overfull \hbox (86.00467pt too wide) in paragraph at lines 9--11
[][][][][][] 
 []

[109

]) [110] (./SISSources/C/simple_graphics.h [111

] [112] [113] [114] [115]
[116] [117] [118] [119] [120] [121] [122] [123] [124] [125] [126]) [127]
(./SISSources/C/alt_video_display.h
Overfull \hbox (112.00473pt too wide) in paragraph at lines 1--2
[][][][] 
 []


Overfull \hbox (106.00467pt too wide) in paragraph at lines 2--3
[][][] 
 []


Overfull \hbox (106.00467pt too wide) in paragraph at lines 4--5
[][][] 
 []


Overfull \hbox (106.00467pt too wide) in paragraph at lines 7--8
[][][] 
 []


Overfull \hbox (106.00467pt too wide) in paragraph at lines 14--15
[][][] 
 []


Overfull \hbox (106.00467pt too wide) in paragraph at lines 17--18
[][][] 
 []

[128

]
Overfull \hbox (106.00467pt too wide) in paragraph at lines 25--26
[][][] 
 []


Overfull \hbox (106.00467pt too wide) in paragraph at lines 28--29
[][][] 
 []


Overfull \hbox (92.00473pt too wide) in paragraph at lines 29--30
[][][][][] 
 []

[129]) [130] (./SISSources/C/fonts.h) [131

]
(./SISSources/C/vip_wrapper_for_c_func.h) [132

] (./Memoria.bbl) [133



]
(./Memoria.aux) ) 
Here is how much of TeX's memory you used:
 8012 strings out of 494999
 110449 string characters out of 1180817
 380777 words of memory out of 3000000
 11033 multiletter control sequences out of 15000+50000
 11766 words of font info for 42 fonts, out of 3000000 for 9000
 54 hyphenation exceptions out of 8191
 31i,14n,52p,909b,1798s stack positions out of 5000i,500n,10000p,200000b,50000s
</usr/share/texmf-texlive/fonts/type1/public/amsfonts/cm/cmbx1
2.pfb></usr/share/texmf-texlive/fonts/type1/public/amsfonts/cm/cmcsc10.pfb></us
r/share/texmf-texlive/fonts/type1/public/amsfonts/cm/cmex10.pfb></usr/share/tex
mf-texlive/fonts/type1/public/amsfonts/cm/cmmi10.pfb></usr/share/texmf-texlive/
fonts/type1/public/amsfonts/cm/cmmi12.pfb></usr/share/texmf-texlive/fonts/type1
/public/amsfonts/cm/cmmi8.pfb></usr/share/texmf-texlive/fonts/type1/public/amsf
onts/cm/cmr10.pfb></usr/share/texmf-texlive/fonts/type1/public/amsfonts/cm/cmr1
2.pfb></usr/share/texmf-texlive/fonts/type1/public/amsfonts/cm/cmr17.pfb></usr/
share/texmf-texlive/fonts/type1/public/amsfonts/cm/cmr8.pfb></usr/share/texmf-t
exlive/fonts/type1/public/amsfonts/cm/cmsl12.pfb></usr/share/texmf-texlive/font
s/type1/public/amsfonts/cm/cmsy10.pfb></usr/share/texmf-texlive/fonts/type1/pub
lic/amsfonts/cm/cmti12.pfb>
Output written on Memoria.pdf (139 pages, 6411294 bytes).
PDF statistics:
 517 PDF objects out of 1000 (max. 8388607)
 0 named destinations out of 1000 (max. 500000)
 51 words of extra memory for PDF output out of 10000 (max. 10000000)

